<?xml version="1.0" encoding="UTF-8"?>
<testsuite xmlns:xsi="http://www.w3.org/2001/XMLSchema-instance" xsi:schemaLocation="https://maven.apache.org/surefire/maven-surefire-plugin/xsd/surefire-test-report.xsd" name="TestSuite" time="297.87" tests="15" errors="0" skipped="14" failures="1">
  <properties>
[...]
</properties>
  <testcase name="login" classname="tests.TC001_Login" time="294.676">
    <failure message="no such window: target window already closed&#10;from unknown error: web view not found&#10;  (Session info: chrome=61.0.3163.100)&#10;  (Driver info: chromedriver=2.32.498550 (9dec58e66c31bcc53a9ce3c7226f0c1c5810906a),platform=Windows NT 10.0.15063 x86_64) (WARNING: The server did not provide any stacktrace information)&#10;Command duration or timeout: 0 milliseconds&#10;Build info: version: &apos;3.5.2&apos;, revision: &apos;10229a9&apos;, time: &apos;2017-08-21T17:29:55.15Z&apos;&#10;System info: host: &apos;MAHMOOD&apos;, ip: &apos;192.168.1.2&apos;, os.name: &apos;Windows 8.1&apos;, os.arch: &apos;x86&apos;, os.version: &apos;6.3&apos;, java.version: &apos;1.8.0&apos;&#10;Driver info: org.openqa.selenium.chrome.ChromeDriver&#10;Capabilities [{applicationCacheEnabled=false, rotatable=false, mobileEmulationEnabled=false, networkConnectionEnabled=false, chrome={chromedriverVersion=2.32.498550 (9dec58e66c31bcc53a9ce3c7226f0c1c5810906a), userDataDir=C:\Users\Baby\AppData\Local\Temp\scoped_dir8272_18343}, takesHeapSnapshot=true, pageLoadStrategy=normal, unhandledPromptBehavior=, databaseEnabled=false, handlesAlerts=true, hasTouchScreen=false, version=61.0.3163.100, platform=WIN8_1, browserConnectionEnabled=false, nativeEvents=true, acceptSslCerts=true, locationContextEnabled=true, webStorageEnabled=true, browserName=chrome, takesScreenshot=true, javascriptEnabled=true, cssSelectorsEnabled=true, setWindowRect=true, unexpectedAlertBehaviour=}]&#10;Session ID: ba7fb9e21bc91d659ba774a54d02cefd" type="org.openqa.selenium.NoSuchWindowException">org.openqa.selenium.NoSuchWindowException: 
no such window: target window already closed
from unknown error: web view not found
  (Session info: chrome=61.0.3163.100)
  (Driver info: chromedriver=2.32.498550 (9dec58e66c31bcc53a9ce3c7226f0c1c5810906a),platform=Windows NT 10.0.15063 x86_64) (WARNING: The server did not provide any stacktrace information)
Command duration or timeout: 0 milliseconds
Build info: version: '3.5.2', revision: '10229a9', time: '2017-08-21T17:29:55.15Z'
System info: host: 'MAHMOOD', ip: '192.168.1.2', os.name: 'Windows 8.1', os.arch: 'x86', os.version: '6.3', java.version: '1.8.0'
Driver info: org.openqa.selenium.chrome.ChromeDriver
Capabilities [{applicationCacheEnabled=false, rotatable=false, mobileEmulationEnabled=false, networkConnectionEnabled=false, chrome={chromedriverVersion=2.32.498550 (9dec58e66c31bcc53a9ce3c7226f0c1c5810906a), userDataDir=C:\Users\Baby\AppData\Local\Temp\scoped_dir8272_18343}, takesHeapSnapshot=true, pageLoadStrategy=normal, unhandledPromptBehavior=, databaseEnabled=false, handlesAlerts=true, hasTouchScreen=false, version=61.0.3163.100, platform=WIN8_1, browserConnectionEnabled=false, nativeEvents=true, acceptSslCerts=true, locationContextEnabled=true, webStorageEnabled=true, browserName=chrome, takesScreenshot=true, javascriptEnabled=true, cssSelectorsEnabled=true, setWindowRect=true, unexpectedAlertBehaviour=}]
Session ID: ba7fb9e21bc91d659ba774a54d02cefd
</failure>
    <system-out><![CDATA[...
... TestNG 6.9.10 by Cédric Beust (cedric@beust.com)
...

The browser chrome launched successfully
]]></system-out>
    <system-err><![CDATA[Starting ChromeDriver 2.32.498550 (9dec58e66c31bcc53a9ce3c7226f0c1c5810906a) on port 43091
Only local connections are allowed.
Nov 02, 2017 8:22:55 AM org.openqa.selenium.remote.ProtocolHandshake createSession
INFO: Detected dialect: OSS
]]></system-err>
  </testcase>
  <testcase name="login" classname="tests.TC001_Login" time="0">
    <skipped/>
  </testcase>
  <testcase name="loginPage" classname="tests.TC001_Login" time="0">
    <skipped/>
  </testcase>
  <testcase name="loginPage" classname="tests.TC001_Login" time="0">
    <skipped/>
  </testcase>
  <testcase name="close" classname="tests.TC001_Login" time="0">
    <skipped/>
  </testcase>
  <testcase name="close" classname="tests.TC001_Login" time="0">
    <skipped/>
  </testcase>
  <testcase name="afterClass" classname="tests.TC001_Login" time="0">
    <skipped/>
  </testcase>
  <testcase name="beforeClass" classname="tests.TC002_CreateLead" time="0">
    <skipped/>
  </testcase>
  <testcase name="createLead" classname="tests.TC002_CreateLead" time="0">
    <skipped message="org.apache.poi.openxml4j.exceptions.InvalidOperationException: Can&apos;t open the specified file input stream from file: &apos;.\data\null.xlsx&apos;"/>
  </testcase>
  <testcase name="afterClass" classname="tests.TC002_CreateLead" time="0">
    <skipped/>
  </testcase>
  <testcase name="beforeClass" classname="tests.TC003_EditLead" time="0">
    <skipped/>
  </testcase>
  <testcase name="createLead" classname="tests.TC003_EditLead" time="0">
    <skipped message="org.apache.poi.openxml4j.exceptions.InvalidOperationException: Can&apos;t open the specified file input stream from file: &apos;.\data\null.xlsx&apos;"/>
  </testcase>
  <testcase name="afterClass" classname="tests.TC003_EditLead" time="0">
    <skipped/>
  </testcase>
  <testcase name="afterTest" classname="tests.TC001_Login" time="0">
    <skipped/>
  </testcase>
  <testcase name="afterSuite" classname="tests.TC001_Login" time="0">
    <skipped/>
  </testcase>
</testsuite>